commit d01917854ccd0e58182ba7cdc9f3f2e81bd60e4b
Author: root <root@ip-172-31-16-151.us-west-2.compute.internal>
Date:   Sun Nov 12 12:05:19 2017 +0000

    Quesion 5 - add ssh host record to /root for ssh into rmit servers

commit 5d402b120f3ff1e871a65c9d1452116cc4cbe297
Author: root <root@ip-172-31-16-151.us-west-2.compute.internal>
Date:   Sun Nov 12 05:45:17 2017 +0000

    edit path of all users via /etc/environment file

commit e3712bc17782eb169327bb3dc28635ef941ca364
Author: root <root@ip-172-31-16-151.us-west-2.compute.internal>
Date:   Sun Nov 12 03:57:19 2017 +0000

    added fred to wheel group

commit 16260e54c5b599c6cb3716ae21b1e1b5fe7a12d9
Author: root <root@ip-172-31-16-151.us-west-2.compute.internal>
Date:   Sun Nov 12 03:13:01 2017 +0000

    Changed Apache's documentRoot

commit d786ffec2dd0a8b4ea4c1ae4081710d466096ba7
Author: root <root@ip-172-31-16-151.us-west-2.compute.internal>
Date:   Sat Nov 11 15:30:47 2017 +0000

    added sudoer user using augeas

commit 4d8326824473291969c1772c549094423fcdd28d
Author: root <root@ip-172-31-16-151.us-west-2.compute.internal>
Date:   Sat Nov 11 14:11:51 2017 +0000

    Question 4 - config managment

commit ff7cc738e3b29b68fddce968f75f46382ab4b18c
Author: root <root@ip-172-31-16-151.us-west-2.compute.internal>
Date:   Sat Nov 11 14:09:43 2017 +0000

    fixed issue with repo http error

commit c19d9b4872529c08f7b6f687659d66f6843f36d1
Author: root <root@ip-172-31-16-151.us-west-2.compute.internal>
Date:   Sat Nov 11 13:13:44 2017 +0000

    Adding Module ques3 - installing packages

commit f476a6e16cdb0fe8aac0f32baf31a14adf4c9f86
Author: root <root@ip-172-31-16-151.us-west-2.compute.internal>
Date:   Sat Nov 11 13:09:45 2017 +0000

    Module ques2 - installing packages

commit 3f7d43c16df4db2f4a31f8e43e3ef1e31f950473
Author: root <root@ip-172-31-16-151.us-west-2.compute.internal>
Date:   Sat Nov 11 09:59:10 2017 +0000

    added ssh rsa key for user wilma

commit 0b2c0bd050218c587c58f48ab1e41cacbf2af8cd
Author: root <root@ip-172-31-16-151.us-west-2.compute.internal>
Date:   Sat Nov 11 06:15:11 2017 +0000

    added encrypted password for users

commit 1b6e888142d970d3464a741efa244e79b60809bf
Merge: 5051995 b08abbb
Author: Cloud User <ec2-user@ip-172-31-16-151.us-west-2.compute.internal>
Date:   Sat Nov 11 02:13:39 2017 +0000

    Merge branch 'master' of github.com:s3016541/Master-of-Puppets

commit 505199546805184c45ed0b3cf9627d886ee3d42d
Author: Cloud User <ec2-user@ip-172-31-16-151.us-west-2.compute.internal>
Date:   Sat Nov 11 02:09:18 2017 +0000

    Updated Module

commit b08abbbd213624e9860d86f9a2c54b74b51070b0
Merge: 9ee2f94 79d4e94
Author: Cloud User <ec2-user@ip-172-31-16-151.us-west-2.compute.internal>
Date:   Sat Nov 11 00:08:11 2017 +0000

    Merge branch 'master' of github.com:s3016541/Master-of-Puppets

commit 9ee2f946c1cb1f2a9602b32e166825876d76852f
Author: Cloud User <ec2-user@ip-172-31-16-151.us-west-2.compute.internal>
Date:   Sat Nov 11 00:03:48 2017 +0000

    Module for Questions 1

commit 15e3bf3233be2b3faf842b67ca652841d5fb6119
Author: Cloud User <ec2-user@ip-172-31-16-151.us-west-2.compute.internal>
Date:   Sat Nov 11 00:01:26 2017 +0000

    Adding module for Question1

commit 79d4e946ba5c8e098621f2ae26e595adad3e69f1
Author: s3016541 <32977764+s3016541@users.noreply.github.com>
Date:   Sat Nov 11 10:47:00 2017 +1100

    Delete site.pp

commit 563ad7acd28bdb36736cc845c010c011903950bb
Author: s3016541 <32977764+s3016541@users.noreply.github.com>
Date:   Sat Nov 11 10:46:36 2017 +1100

    Delete ques1

commit 5e0d5a67cee76eae1f37c2e1b13516eda6401fb2
Author: s3016541 <32977764+s3016541@users.noreply.github.com>
Date:   Sat Nov 11 10:46:08 2017 +1100

    Delete test2

commit 3aaeb1a25ea4b73f5979bf15de03ce00b892d0f8
Author: Cloud User <ec2-user@ip-172-31-16-151.us-west-2.compute.internal>
Date:   Fri Nov 10 23:42:36 2017 +0000

    Module for adding Repositories that are not yum

commit 864164ff1ffaf8e3aca321d6b34f1a6007f9dc28
Author: Cloud User <ec2-user@ip-172-31-16-151.us-west-2.compute.internal>
Date:   Fri Nov 10 04:56:03 2017 +0000

    Added a test file

commit eb74b21f725a9b616e99192b29cf9841b5ee8863
Author: s3016541 <32977764+s3016541@users.noreply.github.com>
Date:   Sat Oct 21 22:13:53 2017 +1100

    Update README.md

commit d59940b799badb80dfc9411d7f931c3970b6b0bc
Author: s3016541 <32977764+s3016541@users.noreply.github.com>
Date:   Sat Oct 21 22:12:00 2017 +1100

    Create README.md
